\BOOKMARK [1][-]{section.1}{\376\377\000I\000n\000t\000r\000o\000d\000u\000c\000c\000i\000\363\000n}{}% 1
\BOOKMARK [2][-]{subsection.1.1}{\376\377\000M\000o\000d\000e\000l\000o\000s\000\040\000d\000e\000\040\000i\000n\000t\000e\000r\000a\000c\000c\000i\000\363\000n\000\040\000e\000s\000p\000\355\000n\000-\000b\000o\000s\000\363\000n}{section.1}% 2
\BOOKMARK [2][-]{subsection.1.2}{\376\377\000S\000i\000s\000t\000e\000m\000a\000s\000\040\000a\000b\000i\000e\000r\000t\000o\000s\000\040\000y\000\040\000d\000i\000n\000\341\000m\000i\000c\000a\000\040\000f\000u\000e\000r\000a\000\040\000d\000e\000l\000\040\000e\000q\000u\000i\000l\000i\000b\000r\000i\000o}{section.1}% 3
\BOOKMARK [2][-]{subsection.1.3}{\376\377\000M\000o\000d\000e\000l\000o\000\040\000d\000e\000\040\000R\000a\000b\000i\000\040\000y\000\040\000D\000i\000c\000k\000e\000\040\000a\000b\000i\000e\000r\000t\000o}{section.1}% 4
\BOOKMARK [2][-]{subsection.1.4}{\376\377\000C\000o\000n\000c\000l\000u\000s\000i\000\363\000n}{section.1}% 5
\BOOKMARK [1][-]{section.2}{\376\377\000O\000b\000j\000e\000t\000i\000v\000o\000s}{}% 6
\BOOKMARK [1][-]{section.3}{\376\377\000M\000e\000t\000o\000d\000o\000l\000o\000g\000\355\000a}{}% 7
\BOOKMARK [2][-]{subsection.3.1}{\376\377\000M\000o\000d\000e\000l\000o\000\040\000d\000e\000\040\000R\000a\000b\000i\000\040\000d\000e\000\040\000d\000o\000s\000\040\000q\000u\000b\000i\000t\000s\000\040\000c\000o\000n\000\040\000i\000n\000t\000e\000r\000a\000c\000c\000i\000o\000n\000e\000s\000\040\000m\000a\000t\000e\000r\000i\000a\000l\000e\000s}{section.3}% 8
\BOOKMARK [3][-]{subsubsection.3.1.1}{\376\377\000D\000i\000a\000g\000o\000n\000a\000l\000i\000z\000a\000c\000i\000\363\000n\000\040\000n\000u\000m\000\351\000r\000i\000c\000a\000\040\000e\000x\000a\000c\000t\000a}{subsection.3.1}% 9
\BOOKMARK [3][-]{subsubsection.3.1.2}{\376\377\000A\000p\000r\000o\000x\000i\000m\000a\000c\000i\000\363\000n\000\040\000a\000d\000i\000a\000b\000\341\000t\000i\000c\000a}{subsection.3.1}% 10
\BOOKMARK [3][-]{subsubsection.3.1.3}{\376\377\000A\000p\000r\000o\000x\000i\000m\000a\000c\000i\000\363\000n\000\040\000d\000e\000\040\000l\000a\000\040\000o\000n\000d\000a\000\040\000r\000o\000t\000a\000n\000t\000e\000\040\000g\000e\000n\000e\000r\000a\000l\000i\000z\000a\000d\000a}{subsection.3.1}% 11
\BOOKMARK [2][-]{subsection.3.2}{\376\377\000\301\000t\000o\000m\000o\000s\000\040\000g\000i\000g\000a\000n\000t\000e\000s\000\040\000e\000n\000\040\000g\000u\000\355\000a\000s\000\040\000d\000e\000\040\000o\000n\000d\000a\000\040\000d\000e\000\040\000a\000r\000r\000e\000g\000l\000o\000\040\000d\000e\000\040\000c\000a\000v\000i\000d\000a\000d\000e\000s}{section.3}% 12
\BOOKMARK [3][-]{subsubsection.3.2.1}{\376\377\000M\000o\000d\000e\000l\000o\000\040\000b\000\341\000s\000i\000c\000o\000\040\000y\000\040\000t\000r\000a\000n\000s\000f\000o\000r\000m\000a\000c\000i\000\363\000n\000\040\000d\000e\000\040\000F\000o\000u\000r\000i\000e\000r}{subsection.3.2}% 13
\BOOKMARK [3][-]{subsubsection.3.2.2}{\376\377\000F\000u\000n\000c\000i\000\363\000n\000\040\000e\000s\000p\000e\000c\000t\000r\000a\000l\000\040\000y\000\040\000d\000i\000n\000\341\000m\000i\000c\000a\000\040\000n\000o\000\040\000m\000a\000r\000k\000o\000v\000i\000a\000n\000a}{subsection.3.2}% 14
\BOOKMARK [3][-]{subsubsection.3.2.3}{\376\377\000T\000r\000a\000n\000s\000f\000o\000r\000m\000a\000d\000a\000\040\000d\000e\000\040\000L\000a\000p\000l\000a\000c\000e\000\040\000y\000\040\000s\000o\000l\000u\000c\000i\000\363\000n\000\040\000e\000x\000a\000c\000t\000a}{subsection.3.2}% 15
\BOOKMARK [3][-]{subsubsection.3.2.4}{\376\377\000E\000x\000t\000e\000n\000s\000i\000\363\000n\000\040\000a\000\040\000\341\000t\000o\000m\000o\000s\000\040\000g\000i\000g\000a\000n\000t\000e\000s\000\040\000m\000u\000l\000t\000i\000m\000o\000d\000o}{subsection.3.2}% 16
\BOOKMARK [2][-]{subsection.3.3}{\376\377\000\301\000t\000o\000m\000o\000s\000\040\000G\000i\000g\000a\000n\000t\000e\000s\000\040\000c\000o\000n\000\040\000m\000o\000d\000o\000s\000\040\000m\000u\000l\000t\000i\000m\000o\000d\000o}{section.3}% 17
\BOOKMARK [2][-]{subsection.3.4}{\376\377\000M\000o\000d\000e\000l\000o\000\040\000d\000e\000\040\000D\000i\000c\000k\000e\000\040\000m\000u\000l\000t\000i\000m\000o\000d\000a\000l\000\040\000c\000o\000n\000\040\000i\000n\000t\000e\000r\000a\000c\000c\000i\000o\000n\000e\000s\000\040\000m\000a\000t\000e\000r\000i\000a\000l\000e\000s}{section.3}% 18
\BOOKMARK [1][-]{section.4}{\376\377\000R\000e\000s\000u\000l\000t\000a\000d\000o\000s\000\040\000E\000s\000p\000e\000r\000a\000d\000o\000s}{}% 19
\BOOKMARK [1][-]{section.5}{\376\377\000A\000v\000a\000n\000c\000e\000s}{}% 20
\BOOKMARK [1][-]{section.6}{\376\377\000B\000i\000b\000l\000i\000o\000g\000r\000a\000f\000\355\000a}{}% 21
\BOOKMARK [1][-]{section.7}{\376\377\000C\000a\000l\000e\000n\000d\000a\000r\000i\000o}{}% 22
\BOOKMARK [1][-]{section.8}{\376\377\000O\000b\000j\000e\000t\000i\000v\000o\000s}{}% 23
\BOOKMARK [1][-]{section.9}{\376\377\000M\000e\000t\000o\000d\000o\000l\000o\000g\000\355\000a\000\040\000y\000/\000o\000\040\000D\000e\000s\000a\000r\000r\000o\000l\000l\000o\000\040\000d\000e\000l\000\040\000T\000e\000m\000a}{}% 24
\BOOKMARK [1][-]{section.10}{\376\377\000R\000e\000s\000u\000l\000t\000a\000d\000o\000s\000\040\000E\000s\000p\000e\000r\000a\000d\000o\000s}{}% 25
\BOOKMARK [1][-]{section.11}{\376\377\000C\000r\000o\000n\000o\000l\000o\000g\000\355\000a}{}% 26
\BOOKMARK [1][-]{section.12}{\376\377\000B\000i\000b\000l\000i\000o\000g\000r\000a\000f\000\355\000a}{}% 27
